c:\users\yuuki\desktop\rephantom_shooting\mygame\proj.win32\debug.win32\helloworldscene.obj
c:\users\yuuki\desktop\rephantom_shooting\mygame\proj.win32\debug.win32\appdelegate.obj
c:\users\yuuki\desktop\rephantom_shooting\mygame\proj.win32\debug.win32\main.obj
c:\users\yuuki\desktop\rephantom_shooting\mygame\proj.win32\debug.win32\vc120.pdb
c:\users\user\desktop\shootingproject\mygame\proj.win32\debug.win32\mygame.ilk
c:\users\user\desktop\shootingproject\mygame\proj.win32\debug.win32\mygame.exe
c:\users\user\desktop\shootingproject\mygame\proj.win32\debug.win32\mygame.pdb
c:\users\user\desktop\shootingproject\mygame\proj.win32\debug.win32\mygame.lib
c:\users\user\desktop\shootingproject\mygame\proj.win32\debug.win32\mygame.exp
c:\users\user\desktop\shootingproject\mygame\proj.win32\mygame.cab
c:\users\yuuki\desktop\rephantom_shooting\mygame\proj.win32\debug.win32\mygame.lib
c:\users\yuuki\desktop\rephantom_shooting\mygame\proj.win32\debug.win32\mygame.exp
c:\users\yuuki\desktop\rephantom_shooting\mygame\proj.win32\mygame.cab
c:\users\yuuki\desktop\rephantom_shooting\mygame\proj.win32\debug.win32\game.res
c:\users\yuuki\desktop\rephantom_shooting\mygame\proj.win32\debug.win32\libcocos2d.exp
c:\users\yuuki\desktop\rephantom_shooting\mygame\proj.win32\debug.win32\vc120.idb
c:\users\yuuki\desktop\rephantom_shooting\mygame\proj.win32\debug.win32\vc141.idb
c:\users\yuuki\desktop\rephantom_shooting\mygame\proj.win32\debug.win32\libbox2d.pdb
c:\users\yuuki\desktop\rephantom_shooting\mygame\proj.win32\debug.win32\librecast.pdb
c:\users\yuuki\desktop\rephantom_shooting\mygame\proj.win32\debug.win32\libspine.pdb
c:\users\yuuki\desktop\rephantom_shooting\mygame\proj.win32\debug.win32\mygame.pdb
c:\users\yuuki\desktop\rephantom_shooting\mygame\proj.win32\debug.win32\vc141.pdb
c:\users\yuuki\desktop\rephantom_shooting\mygame\proj.win32\debug.win32\mygame.tlog\cl.command.1.tlog
c:\users\yuuki\desktop\rephantom_shooting\mygame\proj.win32\debug.win32\mygame.tlog\cl.read.1.tlog
c:\users\yuuki\desktop\rephantom_shooting\mygame\proj.win32\debug.win32\mygame.tlog\cl.write.1.tlog
c:\users\yuuki\desktop\rephantom_shooting\mygame\proj.win32\debug.win32\mygame.tlog\link.command.1.tlog
c:\users\yuuki\desktop\rephantom_shooting\mygame\proj.win32\debug.win32\mygame.tlog\link.read.1.tlog
c:\users\yuuki\desktop\rephantom_shooting\mygame\proj.win32\debug.win32\mygame.tlog\link.write.1.tlog
c:\users\yuuki\desktop\rephantom_shooting\mygame\proj.win32\debug.win32\mygame.tlog\mygame.write.1u.tlog
c:\users\yuuki\desktop\rephantom_shooting\mygame\proj.win32\debug.win32\mygame.tlog\rc.command.1.tlog
c:\users\yuuki\desktop\rephantom_shooting\mygame\proj.win32\debug.win32\mygame.tlog\rc.read.1.tlog
c:\users\yuuki\desktop\rephantom_shooting\mygame\proj.win32\debug.win32\mygame.tlog\rc.write.1.tlog
